<?xml version="1.0" encoding="UTF-8"?>
<testng-results skipped="0" failed="0" ignored="0" total="1" passed="1">
  <reporter-output>
  </reporter-output>
  <suite name="Suite" duration-ms="67901" started-at="2020-10-05T15:29:50 IST" finished-at="2020-10-05T15:30:58 IST">
    <groups>
    </groups>
    <test name="Test" duration-ms="67901" started-at="2020-10-05T15:29:50 IST" finished-at="2020-10-05T15:30:58 IST">
      <class name="tests.CompareCars">
        <test-method status="PASS" signature="Testsetup()[pri:0, instance:tests.CompareCars@63440df3]" name="Testsetup" is-config="true" duration-ms="834" started-at="2020-10-05T15:29:50 IST" finished-at="2020-10-05T15:29:51 IST">
          <reporter-output>
          </reporter-output>
        </test-method> <!-- Testsetup -->
        <test-method status="PASS" signature="setup()[pri:0, instance:tests.CompareCars@63440df3]" name="setup" is-config="true" duration-ms="7185" started-at="2020-10-05T15:29:51 IST" finished-at="2020-10-05T15:29:58 IST">
          <reporter-output>
          </reporter-output>
        </test-method> <!-- setup -->
        <test-method status="PASS" signature="UseCase2(java.lang.reflect.Method)[pri:0, instance:tests.CompareCars@63440df3]" name="UseCase2" duration-ms="53866" started-at="2020-10-05T15:29:58 IST" description="Add &amp; Remove Third car for comparison" finished-at="2020-10-05T15:30:52 IST">
          <params>
            <param index="0">
              <value>
                <![CDATA[public void tests.CompareCars.UseCase2(java.lang.reflect.Method) throws java.lang.Exception]]>
              </value>
            </param>
          </params>
          <reporter-output>
          </reporter-output>
        </test-method> <!-- UseCase2 -->
        <test-method status="PASS" signature="teardown(org.testng.ITestResult)[pri:0, instance:tests.CompareCars@63440df3]" name="teardown" is-config="true" duration-ms="5923" started-at="2020-10-05T15:30:52 IST" finished-at="2020-10-05T15:30:58 IST">
          <params>
            <param index="0">
              <value>
                <![CDATA[[TestResult name=UseCase2 status=SUCCESS method=CompareCars.UseCase2(java.lang.reflect.Method)[pri:0, instance:tests.CompareCars@63440df3] output={null}]]]>
              </value>
            </param>
          </params>
          <reporter-output>
          </reporter-output>
        </test-method> <!-- teardown -->
        <test-method status="PASS" signature="endReport()[pri:0, instance:tests.CompareCars@63440df3]" name="endReport" is-config="true" duration-ms="43" started-at="2020-10-05T15:30:58 IST" finished-at="2020-10-05T15:30:58 IST">
          <reporter-output>
          </reporter-output>
        </test-method> <!-- endReport -->
      </class> <!-- tests.CompareCars -->
    </test> <!-- Test -->
  </suite> <!-- Suite -->
</testng-results>
